2025-01-07 21:57:53 [d045c96a-ff9c-4237-a010-a097c92cadb3] POST	http://localhost:5173	/signin
2025-01-07 22:00:43 [c1ab44e7-9194-4925-9fe6-616f296d8cb7] POST	http://localhost:5173	/signin
2025-01-07 23:37:52 [81e4e90d-5de1-4735-9d7f-cfdb13462234] GET	undefined	/user
2025-01-07 23:38:19 [892b4cab-87f4-4463-b0e7-ddbc38a61bce] POST	undefined	/signin
2025-01-07 23:38:29 [8efcecde-dadc-454e-8033-1396a00f8b87] POST	undefined	/signin
2025-01-07 23:39:19 [701bbef5-3745-4cb0-ad98-e726c1b9c1f8] GET	undefined	/user
2025-01-07 23:39:39 [c8b34bd3-a0df-418d-8b35-0bdd277c531e] GET	undefined	/user
2025-01-07 23:41:32 [761c5752-a870-4623-8f92-2416c3ddfff2] POST	undefined	/signin
2025-01-07 23:41:52 [b76f10bc-5829-456d-992b-7487f965ffdc] POST	undefined	/signin
2025-01-07 23:42:25 [bf972dea-de74-458a-b1a8-9b1cfdbf6685] GET	undefined	/user
2025-01-07 23:42:45 [4dd2dc0a-563b-4c01-8294-9fbefaa666a7] POST	http://localhost:5173	/signin
2025-01-07 23:46:09 [aa3b4d99-a67b-49f9-9094-ed73700e2184] POST	http://localhost:5173	/signin
2025-01-07 23:46:09 [4e7843f4-cd64-47d5-bfe0-d4b54902ea62] GET	http://localhost:5173	/user
2025-01-07 23:46:09 [4426b23e-fc07-44b1-9c30-82ba0edfea80] GET	http://localhost:5173	/user
2025-01-07 23:53:40 [fff845d4-9fca-42fc-b676-36725dcb10fc] GET	http://localhost:5173	/user
2025-01-07 23:54:37 [6342afae-25bf-4633-af01-7598e339b42f] GET	http://localhost:5173	/user
2025-01-07 23:57:14 [837fc234-f6b5-4f9a-90d4-01a36f4737ee] GET	http://localhost:5173	/user
2025-01-08 00:52:01 [98533b77-3970-4a25-b4f0-54c6261e54ac] GET	http://localhost:5173	/user
2025-01-08 00:52:01 [87c9b075-a5f6-43e2-bc94-32303779084c] POST	http://localhost:5173	/refresh
2025-01-08 00:52:01 [497288c4-07c1-47b7-b9c1-cc0b7e6e93db] GET	http://localhost:5173	/user
2025-01-08 00:54:33 [6c804b7a-4213-41b4-9245-8696bc82c374] GET	http://localhost:5173	/user
2025-01-08 00:54:33 [7ebd14b8-ceef-4436-a56f-2e05447f0648] POST	http://localhost:5173	/refresh
2025-01-08 00:54:33 [b10733f0-aaa5-49a4-8bbe-c64975b9c43d] GET	http://localhost:5173	/user
2025-01-08 01:03:41 [216e33b3-443a-48c7-9ea0-0d09b04f5ee4] POST	http://localhost:5173	/signin
2025-01-08 01:04:40 [0c460d91-e56f-400d-a8c4-6cd0dbb20660] POST	http://localhost:5173	/signup
2025-01-08 01:04:59 [fb3c7f72-20e9-4416-8625-abfa8e9b27dd] POST	http://localhost:5173	/signin
2025-01-08 09:42:41 [3794435e-de14-4f8d-bd60-a31238278731] POST	http://localhost:5173	/signin
2025-01-08 09:42:45 [2b27ca78-d645-43ee-a889-ac892b91aa86] POST	http://localhost:5173	/signin
2025-01-08 10:30:30 [8385354e-6d89-4c61-b232-0a36308b6de5] POST	http://localhost:5173	/signin
2025-01-08 10:31:05 [87f1dd53-f6f2-41b5-8a2d-0a5ea49e8670] POST	http://localhost:5173	/signin
2025-01-08 10:37:53 [b0c25b0a-896e-429e-b9cb-6822779d0988] POST	http://localhost:5173	/signin
2025-01-08 11:25:07 [25fd81c3-dee3-4b53-84b7-18b30b8098a1] POST	http://localhost:5173	/signin
2025-01-08 11:27:58 [e108d788-41db-4c1b-bcb1-b4b58de8979d] POST	http://localhost:5173	/signin
2025-01-08 11:28:49 [11b078a9-61e7-47cb-9ce9-0e41909eed77] POST	http://localhost:5173	/signin
2025-01-08 11:29:38 [47f91b3d-f358-46ba-8c0b-0158524377f8] POST	http://localhost:5173	/signin
2025-01-08 11:35:54 [07a3e6d0-4752-48f7-a061-84b0a45fcc3a] POST	http://localhost:5173	/signin
2025-01-08 11:36:29 [9b62dcf1-e015-4221-aec1-1f0e6eaeab33] POST	http://localhost:5173	/signin
2025-01-08 11:36:31 [670cb86d-85fc-424f-a2d9-5921fce90a2f] POST	http://localhost:5173	/signin
2025-01-08 11:54:10 [9d448d57-ec5c-4300-a72a-5b01f85e1451] POST	http://localhost:5173	/signin
2025-01-08 12:03:57 [747a0175-f9e4-45dc-85a2-4c449c036945] POST	http://localhost:5173	/signin
2025-01-08 12:20:31 [705fdc7e-c896-416c-b739-e73be7f20294] POST	http://localhost:5173	/signin
2025-01-08 14:48:09 [b85fb4bd-e3e7-4293-9e4d-845546fd6fe0] POST	http://localhost:5173	/signin
2025-01-08 14:48:34 [8f8fe5a4-c089-4da8-af28-bde23f9ce7bc] POST	http://localhost:5173	/signin
2025-01-08 15:15:17 [a55bad1c-2121-4bb4-b307-a2d78eb707aa] POST	http://localhost:5173	/signin
2025-01-08 22:19:36 [f7cbf4e6-1564-4c9a-80fc-146f8fa6caf0] POST	http://localhost:5173	/signin
2025-01-08 22:24:04 [c01f8ae2-278d-4f4a-a14f-fdc1a0a82cde] POST	http://localhost:5173	/signin
2025-01-08 22:26:06 [51c63006-cd3e-497b-837d-32cc29377a0c] POST	http://localhost:5173	/signin
2025-01-08 22:26:26 [16158220-9f50-4f5d-88d5-3fb3a1437d2b] POST	http://localhost:5173	/signin
2025-01-08 22:27:51 [a5b77466-2533-4dbd-bb11-099e59bfe944] POST	http://localhost:5173	/signin
2025-01-08 22:27:58 [d1ed1470-7a8f-42c2-a212-5a62a6475ff5] POST	http://localhost:5173	/signin
2025-01-09 00:24:21 [51db944a-ea7f-471b-b2af-f3a96008afe7] POST	http://localhost:5173	/signin
2025-01-09 08:44:18 [bb825910-e51f-42ff-8780-031702c58e6a] POST	http://localhost:5173	/signin
2025-01-09 08:46:01 [06ea1618-4dcd-4514-8d21-dafd51f471dd] POST	http://localhost:5173	/signin
2025-01-09 13:05:51 [728cf31b-3be6-4829-ac03-3b048b0d41bc] POST	http://localhost:5173	/logout
2025-01-09 13:06:35 [9302e010-ec7b-412a-b9c0-a1210a197d3b] POST	http://localhost:5173	/signin
2025-01-09 13:06:39 [18abe07f-fb96-4455-98d5-61da0067ff97] POST	http://localhost:5173	/signin
2025-01-09 13:07:04 [8ab14343-bd29-4a47-b09d-a1396e5a8cf6] POST	http://localhost:5173	/signin
2025-01-09 13:07:07 [dd5d44d2-f079-401d-8733-aee94a10e8f5] POST	http://localhost:5173	/logout
2025-01-09 13:08:00 [1ee8e57f-4c31-4764-a1bb-7110bb7b9bcc] POST	http://localhost:5173	/signout
2025-01-09 13:08:35 [4b7c9b0f-cb07-4ea0-b358-f77448b3bf5b] POST	http://localhost:5173	/signin
2025-01-09 13:08:37 [c6c1c582-6024-404d-b90d-fd39520c980c] POST	http://localhost:5173	/logout
2025-01-09 13:08:53 [c82b87d4-6f1f-4949-b759-bd4b71b04883] POST	http://localhost:5173	/logout
2025-01-09 13:09:33 [d436cc64-8290-40c0-a81e-1e254c3b49ee] POST	http://localhost:5173	/signin
2025-01-09 13:09:37 [c341fb71-1b44-4c5d-a126-a6db6069e57f] POST	http://localhost:5173	/signout
2025-01-09 13:09:49 [4f58b9bd-d84e-4e54-b6ec-93bdbdfa6df9] POST	http://localhost:5173	/signin
2025-01-09 13:09:51 [75978bd9-031e-4883-8bd4-154c0ef99557] POST	http://localhost:5173	/signout
2025-01-10 17:32:39 [fd422a7c-6f73-4778-b0e6-c88fba2d7c73] GET	undefined	/
2025-01-10 17:32:39 [0c0fcf56-f71d-40fc-aa20-5a6c01e3671f] GET	undefined	/
2025-01-10 17:32:51 [52d86e59-dfad-46d2-bae6-0a54d350b60e] POST	http://localhost:5173	/signin
2025-01-10 18:19:36 [d542492f-4f23-4758-b590-30183f0e79c7] POST	http://localhost:5173	/signout
2025-01-10 18:19:36 [ea721186-856c-4265-8cdf-3fb223f6a0d0] POST	http://localhost:5173	/refresh
2025-01-10 18:19:36 [117b6ff1-8424-4ba7-8a74-ddc6c7a30e23] POST	http://localhost:5173	/signout
2025-01-10 18:19:56 [b2d36e96-2d65-4c25-96bd-9b399ad82229] POST	http://localhost:5173	/signin
2025-01-10 18:20:01 [c180a0db-e2a7-477f-a276-6cb23079f483] POST	http://localhost:5173	/signout
2025-01-14 00:39:15 [96b5bb43-b516-456d-ab7f-0a44551aa5ad] POST	http://localhost:5173	/signin
2025-01-14 00:39:22 [eeb112b6-aafa-492a-b7fb-49c8cdd8cad8] POST	http://localhost:5173	/signout
2025-01-14 00:39:50 [b91fcda5-aecf-421e-ab6b-c0303ad702a3] POST	http://localhost:5173	/signin
2025-01-14 00:40:07 [ae9ef9af-0b5c-4bc8-acb7-0ca197782009] POST	http://localhost:5173	/signout
